# JRE version: OpenJDK Runtime Environment Temurin-21.0.8+9 (21.0.8+9) (build 21.0.8+9-LTS)
# Java VM: OpenJDK 64-Bit Server VM Temurin-21.0.8+9 (21.0.8+9-LTS, mixed mode, sharing, tiered, compressed oops, compressed class ptrs, parallel gc, windows-amd64)
GC Precious Log:
 CardTable entry size: 512
 CPUs: 4 total, 4 available
 Memory: 7991M
 Large Page Support: Disabled
 NUMA Support: Disabled
 Compressed Oops: Enabled (32-bit)
 Alignments: Space 512K, Generation 512K, Heap 2M
 Heap Min Capacity: 100M
 Heap Initial Capacity: 100M
 Heap Max Capacity: 2G
 Pre-touch: Disabled
 Parallel Workers: 4
Heap:
 PSYoungGen      total 8704K, used 284K [0x00000000d5580000, 0x00000000d6680000, 0x0000000100000000)
  eden space 8192K, 1% used [0x00000000d5580000,0x00000000d55a7038,0x00000000d5d80000)
  from space 512K, 25% used [0x00000000d6580000,0x00000000d65a0000,0x00000000d6600000)
  to   space 512K, 0% used [0x00000000d6600000,0x00000000d6600000,0x00000000d6680000)
 ParOldGen       total 669184K, used 668793K [0x0000000080000000, 0x00000000a8d80000, 0x00000000d5580000)
  object space 669184K, 99% used [0x0000000080000000,0x00000000a8d1e758,0x00000000a8d80000)
 Metaspace       used 81071K, committed 82752K, reserved 1179648K
  class space    used 9744K, committed 10496K, reserved 1048576K
GC Heap History (20 events):
Event: 11656.962 GC heap before
{Heap before GC invocations=2893 (full 4):
 PSYoungGen      total 8704K, used 8320K [0x00000000d5580000, 0x00000000d6680000, 0x0000000100000000)
  eden space 8192K, 100% used [0x00000000d5580000,0x00000000d5d80000,0x00000000d5d80000)
  from space 512K, 25% used [0x00000000d6580000,0x00000000d65a0000,0x00000000d6600000)
  to   space 512K, 0% used [0x00000000d6600000,0x00000000d6600000,0x00000000d6680000)
 ParOldGen       total 668672K, used 668433K [0x0000000080000000, 0x00000000a8d00000, 0x00000000d5580000)
  object space 668672K, 99% used [0x0000000080000000,0x00000000a8cc4758,0x00000000a8d00000)
 Metaspace       used 81018K, committed 82752K, reserved 1179648K
  class space    used 9744K, committed 10496K, reserved 1048576K
}
Event: 11657.415 GC heap after
{Heap after GC invocations=2893 (full 4):
 PSYoungGen      total 8704K, used 128K [0x00000000d5580000, 0x00000000d6680000, 0x0000000100000000)
  eden space 8192K, 0% used [0x00000000d5580000,0x00000000d5580000,0x00000000d5d80000)
  from space 512K, 25% used [0x00000000d6600000,0x00000000d6620000,0x00000000d6680000)
  to   space 512K, 0% used [0x00000000d6580000,0x00000000d6580000,0x00000000d6600000)
 ParOldGen       total 668672K, used 668465K [0x0000000080000000, 0x00000000a8d00000, 0x00000000d5580000)
  object space 668672K, 99% used [0x0000000080000000,0x00000000a8ccc758,0x00000000a8d00000)
 Metaspace       used 81018K, committed 82752K, reserved 1179648K
  class space    used 9744K, committed 10496K, reserved 1048576K
}
Event: 11852.274 GC heap before
{Heap before GC invocations=2894 (full 4):
 PSYoungGen      total 8704K, used 8320K [0x00000000d5580000, 0x00000000d6680000, 0x0000000100000000)
  eden space 8192K, 100% used [0x00000000d5580000,0x00000000d5d80000,0x00000000d5d80000)
  from space 512K, 25% used [0x00000000d6600000,0x00000000d6620000,0x00000000d6680000)
  to   space 512K, 0% used [0x00000000d6580000,0x00000000d6580000,0x00000000d6600000)
 ParOldGen       total 668672K, used 668465K [0x0000000080000000, 0x00000000a8d00000, 0x00000000d5580000)
  object space 668672K, 99% used [0x0000000080000000,0x00000000a8ccc758,0x00000000a8d00000)
 Metaspace       used 81024K, committed 82752K, reserved 1179648K
  class space    used 9744K, committed 10496K, reserved 1048576K
}
Event: 11852.717 GC heap after
{Heap after GC invocations=2894 (full 4):
 PSYoungGen      total 8704K, used 96K [0x00000000d5580000, 0x00000000d6680000, 0x0000000100000000)
  eden space 8192K, 0% used [0x00000000d5580000,0x00000000d5580000,0x00000000d5d80000)
  from space 512K, 18% used [0x00000000d6580000,0x00000000d6598000,0x00000000d6600000)
  to   space 512K, 0% used [0x00000000d6600000,0x00000000d6600000,0x00000000d6680000)
 ParOldGen       total 668672K, used 668497K [0x0000000080000000, 0x00000000a8d00000, 0x00000000d5580000)
  object space 668672K, 99% used [0x0000000080000000,0x00000000a8cd4758,0x00000000a8d00000)
 Metaspace       used 81024K, committed 82752K, reserved 1179648K
  class space    used 9744K, committed 10496K, reserved 1048576K
}
Event: 11868.927 GC heap before
{Heap before GC invocations=2895 (full 4):
 PSYoungGen      total 8704K, used 8288K [0x00000000d5580000, 0x00000000d6680000, 0x0000000100000000)
  eden space 8192K, 100% used [0x00000000d5580000,0x00000000d5d80000,0x00000000d5d80000)
  from space 512K, 18% used [0x00000000d6580000,0x00000000d6598000,0x00000000d6600000)
  to   space 512K, 0% used [0x00000000d6600000,0x00000000d6600000,0x00000000d6680000)
 ParOldGen       total 668672K, used 668497K [0x0000000080000000, 0x00000000a8d00000, 0x00000000d5580000)
  object space 668672K, 99% used [0x0000000080000000,0x00000000a8cd4758,0x00000000a8d00000)
 Metaspace       used 81025K, committed 82752K, reserved 1179648K
  class space    used 9744K, committed 10496K, reserved 1048576K
}
Event: 11868.934 GC heap after
{Heap after GC invocations=2895 (full 4):
 PSYoungGen      total 8704K, used 96K [0x00000000d5580000, 0x00000000d6680000, 0x0000000100000000)
  eden space 8192K, 0% used [0x00000000d5580000,0x00000000d5580000,0x00000000d5d80000)
  from space 512K, 18% used [0x00000000d6600000,0x00000000d6618000,0x00000000d6680000)
  to   space 512K, 0% used [0x00000000d6580000,0x00000000d6580000,0x00000000d6600000)
 ParOldGen       total 668672K, used 668529K [0x0000000080000000, 0x00000000a8d00000, 0x00000000d5580000)
  object space 668672K, 99% used [0x0000000080000000,0x00000000a8cdc758,0x00000000a8d00000)
 Metaspace       used 81025K, committed 82752K, reserved 1179648K
  class space    used 9744K, committed 10496K, reserved 1048576K
}
Event: 11869.019 GC heap before
{Heap before GC invocations=2896 (full 4):
 PSYoungGen      total 8704K, used 8288K [0x00000000d5580000, 0x00000000d6680000, 0x0000000100000000)
  eden space 8192K, 100% used [0x00000000d5580000,0x00000000d5d80000,0x00000000d5d80000)
  from space 512K, 18% used [0x00000000d6600000,0x00000000d6618000,0x00000000d6680000)
  to   space 512K, 0% used [0x00000000d6580000,0x00000000d6580000,0x00000000d6600000)
 ParOldGen       total 668672K, used 668529K [0x0000000080000000, 0x00000000a8d00000, 0x00000000d5580000)
  object space 668672K, 99% used [0x0000000080000000,0x00000000a8cdc758,0x00000000a8d00000)
 Metaspace       used 81025K, committed 82752K, reserved 1179648K
  class space    used 9744K, committed 10496K, reserved 1048576K
}
Event: 11869.021 GC heap after
{Heap after GC invocations=2896 (full 4):
 PSYoungGen      total 8704K, used 128K [0x00000000d5580000, 0x00000000d6680000, 0x0000000100000000)
  eden space 8192K, 0% used [0x00000000d5580000,0x00000000d5580000,0x00000000d5d80000)
  from space 512K, 25% used [0x00000000d6580000,0x00000000d65a0000,0x00000000d6600000)
  to   space 512K, 0% used [0x00000000d6600000,0x00000000d6600000,0x00000000d6680000)
 ParOldGen       total 668672K, used 668569K [0x0000000080000000, 0x00000000a8d00000, 0x00000000d5580000)
  object space 668672K, 99% used [0x0000000080000000,0x00000000a8ce6758,0x00000000a8d00000)
 Metaspace       used 81025K, committed 82752K, reserved 1179648K
  class space    used 9744K, committed 10496K, reserved 1048576K
}
Event: 12278.130 GC heap before
{Heap before GC invocations=2897 (full 4):
 PSYoungGen      total 8704K, used 8320K [0x00000000d5580000, 0x00000000d6680000, 0x0000000100000000)
  eden space 8192K, 100% used [0x00000000d5580000,0x00000000d5d80000,0x00000000d5d80000)
  from space 512K, 25% used [0x00000000d6580000,0x00000000d65a0000,0x00000000d6600000)
  to   space 512K, 0% used [0x00000000d6600000,0x00000000d6600000,0x00000000d6680000)
 ParOldGen       total 668672K, used 668569K [0x0000000080000000, 0x00000000a8d00000, 0x00000000d5580000)
  object space 668672K, 99% used [0x0000000080000000,0x00000000a8ce6758,0x00000000a8d00000)
 Metaspace       used 81030K, committed 82752K, reserved 1179648K
  class space    used 9744K, committed 10496K, reserved 1048576K
}
Event: 12278.535 GC heap after
{Heap after GC invocations=2897 (full 4):
 PSYoungGen      total 8704K, used 128K [0x00000000d5580000, 0x00000000d6680000, 0x0000000100000000)
  eden space 8192K, 0% used [0x00000000d5580000,0x00000000d5580000,0x00000000d5d80000)
  from space 512K, 25% used [0x00000000d6600000,0x00000000d6620000,0x00000000d6680000)
  to   space 512K, 0% used [0x00000000d6580000,0x00000000d6580000,0x00000000d6600000)
 ParOldGen       total 668672K, used 668601K [0x0000000080000000, 0x00000000a8d00000, 0x00000000d5580000)
  object space 668672K, 99% used [0x0000000080000000,0x00000000a8cee758,0x00000000a8d00000)
 Metaspace       used 81030K, committed 82752K, reserved 1179648K
  class space    used 9744K, committed 10496K, reserved 1048576K
}
Event: 12333.582 GC heap before
{Heap before GC invocations=2898 (full 4):
 PSYoungGen      total 8704K, used 8320K [0x00000000d5580000, 0x00000000d6680000, 0x0000000100000000)
  eden space 8192K, 100% used [0x00000000d5580000,0x00000000d5d80000,0x00000000d5d80000)
  from space 512K, 25% used [0x00000000d6600000,0x00000000d6620000,0x00000000d6680000)
  to   space 512K, 0% used [0x00000000d6580000,0x00000000d6580000,0x00000000d6600000)
 ParOldGen       total 668672K, used 668601K [0x0000000080000000, 0x00000000a8d00000, 0x00000000d5580000)
  object space 668672K, 99% used [0x0000000080000000,0x00000000a8cee758,0x00000000a8d00000)
 Metaspace       used 81049K, committed 82752K, reserved 1179648K
  class space    used 9744K, committed 10496K, reserved 1048576K
}
Event: 12333.997 GC heap after
{Heap after GC invocations=2898 (full 4):
 PSYoungGen      total 8704K, used 96K [0x00000000d5580000, 0x00000000d6680000, 0x0000000100000000)
  eden space 8192K, 0% used [0x00000000d5580000,0x00000000d5580000,0x00000000d5d80000)
  from space 512K, 18% used [0x00000000d6580000,0x00000000d6598000,0x00000000d6600000)
  to   space 512K, 0% used [0x00000000d6600000,0x00000000d6600000,0x00000000d6680000)
 ParOldGen       total 668672K, used 668657K [0x0000000080000000, 0x00000000a8d00000, 0x00000000d5580000)
  object space 668672K, 99% used [0x0000000080000000,0x00000000a8cfc758,0x00000000a8d00000)
 Metaspace       used 81049K, committed 82752K, reserved 1179648K
  class space    used 9744K, committed 10496K, reserved 1048576K
}
Event: 12562.871 GC heap before
{Heap before GC invocations=2899 (full 4):
 PSYoungGen      total 8704K, used 8288K [0x00000000d5580000, 0x00000000d6680000, 0x0000000100000000)
  eden space 8192K, 100% used [0x00000000d5580000,0x00000000d5d80000,0x00000000d5d80000)
  from space 512K, 18% used [0x00000000d6580000,0x00000000d6598000,0x00000000d6600000)
  to   space 512K, 0% used [0x00000000d6600000,0x00000000d6600000,0x00000000d6680000)
 ParOldGen       total 668672K, used 668657K [0x0000000080000000, 0x00000000a8d00000, 0x00000000d5580000)
  object space 668672K, 99% used [0x0000000080000000,0x00000000a8cfc758,0x00000000a8d00000)
 Metaspace       used 81058K, committed 82752K, reserved 1179648K
  class space    used 9744K, committed 10496K, reserved 1048576K
}
Event: 12563.354 GC heap after
{Heap after GC invocations=2899 (full 4):
 PSYoungGen      total 8704K, used 128K [0x00000000d5580000, 0x00000000d6680000, 0x0000000100000000)
  eden space 8192K, 0% used [0x00000000d5580000,0x00000000d5580000,0x00000000d5d80000)
  from space 512K, 25% used [0x00000000d6600000,0x00000000d6620000,0x00000000d6680000)
  to   space 512K, 0% used [0x00000000d6580000,0x00000000d6580000,0x00000000d6600000)
 ParOldGen       total 669184K, used 668689K [0x0000000080000000, 0x00000000a8d80000, 0x00000000d5580000)
  object space 669184K, 99% used [0x0000000080000000,0x00000000a8d04758,0x00000000a8d80000)
 Metaspace       used 81058K, committed 82752K, reserved 1179648K
  class space    used 9744K, committed 10496K, reserved 1048576K
}
Event: 12564.250 GC heap before
{Heap before GC invocations=2900 (full 4):
 PSYoungGen      total 8704K, used 8320K [0x00000000d5580000, 0x00000000d6680000, 0x0000000100000000)
  eden space 8192K, 100% used [0x00000000d5580000,0x00000000d5d80000,0x00000000d5d80000)
  from space 512K, 25% used [0x00000000d6600000,0x00000000d6620000,0x00000000d6680000)
  to   space 512K, 0% used [0x00000000d6580000,0x00000000d6580000,0x00000000d6600000)
 ParOldGen       total 669184K, used 668689K [0x0000000080000000, 0x00000000a8d80000, 0x00000000d5580000)
  object space 669184K, 99% used [0x0000000080000000,0x00000000a8d04758,0x00000000a8d80000)
 Metaspace       used 81058K, committed 82752K, reserved 1179648K
  class space    used 9744K, committed 10496K, reserved 1048576K
}
Event: 12564.259 GC heap after
{Heap after GC invocations=2900 (full 4):
 PSYoungGen      total 8704K, used 96K [0x00000000d5580000, 0x00000000d6680000, 0x0000000100000000)
  eden space 8192K, 0% used [0x00000000d5580000,0x00000000d5580000,0x00000000d5d80000)
  from space 512K, 18% used [0x00000000d6580000,0x00000000d6598000,0x00000000d6600000)
  to   space 512K, 0% used [0x00000000d6600000,0x00000000d6600000,0x00000000d6680000)
 ParOldGen       total 669184K, used 668729K [0x0000000080000000, 0x00000000a8d80000, 0x00000000d5580000)
  object space 669184K, 99% used [0x0000000080000000,0x00000000a8d0e758,0x00000000a8d80000)
 Metaspace       used 81058K, committed 82752K, reserved 1179648K
  class space    used 9744K, committed 10496K, reserved 1048576K
}
Event: 12753.270 GC heap before
{Heap before GC invocations=2901 (full 4):
 PSYoungGen      total 8704K, used 8288K [0x00000000d5580000, 0x00000000d6680000, 0x0000000100000000)
  eden space 8192K, 100% used [0x00000000d5580000,0x00000000d5d80000,0x00000000d5d80000)
  from space 512K, 18% used [0x00000000d6580000,0x00000000d6598000,0x00000000d6600000)
  to   space 512K, 0% used [0x00000000d6600000,0x00000000d6600000,0x00000000d6680000)
 ParOldGen       total 669184K, used 668729K [0x0000000080000000, 0x00000000a8d80000, 0x00000000d5580000)
  object space 669184K, 99% used [0x0000000080000000,0x00000000a8d0e758,0x00000000a8d80000)
 Metaspace       used 81058K, committed 82752K, reserved 1179648K
  class space    used 9744K, committed 10496K, reserved 1048576K
}
Event: 12753.713 GC heap after
{Heap after GC invocations=2901 (full 4):
 PSYoungGen      total 8704K, used 128K [0x00000000d5580000, 0x00000000d6680000, 0x0000000100000000)
  eden space 8192K, 0% used [0x00000000d5580000,0x00000000d5580000,0x00000000d5d80000)
  from space 512K, 25% used [0x00000000d6600000,0x00000000d6620000,0x00000000d6680000)
  to   space 512K, 0% used [0x00000000d6580000,0x00000000d6580000,0x00000000d6600000)
 ParOldGen       total 669184K, used 668761K [0x0000000080000000, 0x00000000a8d80000, 0x00000000d5580000)
  object space 669184K, 99% used [0x0000000080000000,0x00000000a8d16758,0x00000000a8d80000)
 Metaspace       used 81058K, committed 82752K, reserved 1179648K
  class space    used 9744K, committed 10496K, reserved 1048576K
}
Event: 56556.605 GC heap before
{Heap before GC invocations=2902 (full 4):
 PSYoungGen      total 8704K, used 8320K [0x00000000d5580000, 0x00000000d6680000, 0x0000000100000000)
  eden space 8192K, 100% used [0x00000000d5580000,0x00000000d5d80000,0x00000000d5d80000)
  from space 512K, 25% used [0x00000000d6600000,0x00000000d6620000,0x00000000d6680000)
  to   space 512K, 0% used [0x00000000d6580000,0x00000000d6580000,0x00000000d6600000)
 ParOldGen       total 669184K, used 668761K [0x0000000080000000, 0x00000000a8d80000, 0x00000000d5580000)
  object space 669184K, 99% used [0x0000000080000000,0x00000000a8d16758,0x00000000a8d80000)
 Metaspace       used 81071K, committed 82752K, reserved 1179648K
  class space    used 9744K, committed 10496K, reserved 1048576K
}
Event: 56556.972 GC heap after
{Heap after GC invocations=2902 (full 4):
 PSYoungGen      total 8704K, used 128K [0x00000000d5580000, 0x00000000d6680000, 0x0000000100000000)
  eden space 8192K, 0% used [0x00000000d5580000,0x00000000d5580000,0x00000000d5d80000)
  from space 512K, 25% used [0x00000000d6580000,0x00000000d65a0000,0x00000000d6600000)
  to   space 512K, 0% used [0x00000000d6600000,0x00000000d6600000,0x00000000d6680000)
 ParOldGen       total 669184K, used 668793K [0x0000000080000000, 0x00000000a8d80000, 0x00000000d5580000)
  object space 669184K, 99% used [0x0000000080000000,0x00000000a8d1e758,0x00000000a8d80000)
 Metaspace       used 81071K, committed 82752K, reserved 1179648K
  class space    used 9744K, committed 10496K, reserved 1048576K
}

